[INFO] Scanning for projects...
[INFO] 
[INFO] ---------------------< com.smartclassroom:backend >---------------------
[INFO] Building backend 0.0.1-SNAPSHOT
[INFO]   from pom.xml
[INFO] --------------------------------[ jar ]---------------------------------
[INFO] 
[INFO] >>> spring-boot:3.2.1:run (default-cli) > test-compile @ backend >>>
[INFO] 
[INFO] --- resources:3.3.1:resources (default-resources) @ backend ---
[INFO] Copying 1 resource from src\main\resources to target\classes
[INFO] Copying 1 resource from src\main\resources to target\classes
[INFO] 
[INFO] --- compiler:3.11.0:compile (default-compile) @ backend ---
[INFO] Nothing to compile - all classes are up to date
[INFO] 
[INFO] --- resources:3.3.1:testResources (default-testResources) @ backend ---
[INFO] skip non existing resourceDirectory D:\CODING STUFFS\Smart-Classroom\backend\src\test\resources
[INFO] 
[INFO] --- compiler:3.11.0:testCompile (default-testCompile) @ backend ---
[INFO] No sources to compile
[INFO] 
[INFO] <<< spring-boot:3.2.1:run (default-cli) < test-compile @ backend <<<
[INFO] 
[INFO] 
[INFO] --- spring-boot:3.2.1:run (default-cli) @ backend ---
[INFO] Attaching agents: []

  .   ____          _            __ _ _
 /\\ / ___'_ __ _ _(_)_ __  __ _ \ \ \ \
( ( )\___ | '_ | '_| | '_ \/ _` | \ \ \ \
 \\/  ___)| |_)| | | | | || (_| |  ) ) ) )
  '  |____| .__|_| |_|_| |_\__, | / / / /
 =========|_|==============|___/=/_/_/_/
 :: Spring Boot ::                (v3.2.1)

2025-12-29T16:47:15.883+05:30  INFO 7192 --- [backend] [           main] c.s.backend.BackendApplication           : Starting BackendApplication using Java 21.0.1 with PID 7192 (D:\CODING STUFFS\Smart-Classroom\backend\target\classes started by ASUS in D:\CODING STUFFS\Smart-Classroom\backend)
2025-12-29T16:47:15.885+05:30  INFO 7192 --- [backend] [           main] c.s.backend.BackendApplication           : No active profile set, falling back to 1 default profile: "default"
2025-12-29T16:47:17.049+05:30  INFO 7192 --- [backend] [           main] .s.d.r.c.RepositoryConfigurationDelegate : Bootstrapping Spring Data JPA repositories in DEFAULT mode.
2025-12-29T16:47:17.186+05:30  INFO 7192 --- [backend] [           main] .s.d.r.c.RepositoryConfigurationDelegate : Finished Spring Data repository scanning in 126 ms. Found 11 JPA repository interfaces.
2025-12-29T16:47:17.917+05:30  INFO 7192 --- [backend] [           main] o.s.b.w.embedded.tomcat.TomcatWebServer  : Tomcat initialized with port 8080 (http)
2025-12-29T16:47:17.932+05:30  INFO 7192 --- [backend] [           main] o.apache.catalina.core.StandardService   : Starting service [Tomcat]
2025-12-29T16:47:17.932+05:30  INFO 7192 --- [backend] [           main] o.apache.catalina.core.StandardEngine    : Starting Servlet engine: [Apache Tomcat/10.1.17]
2025-12-29T16:47:17.994+05:30  INFO 7192 --- [backend] [           main] o.a.c.c.C.[Tomcat].[localhost].[/]       : Initializing Spring embedded WebApplicationContext
2025-12-29T16:47:17.996+05:30  INFO 7192 --- [backend] [           main] w.s.c.ServletWebServerApplicationContext : Root WebApplicationContext: initialization completed in 2059 ms
2025-12-29T16:47:18.153+05:30  INFO 7192 --- [backend] [           main] o.hibernate.jpa.internal.util.LogHelper  : HHH000204: Processing PersistenceUnitInfo [name: default]
2025-12-29T16:47:18.198+05:30  INFO 7192 --- [backend] [           main] org.hibernate.Version                    : HHH000412: Hibernate ORM core version 6.4.1.Final
2025-12-29T16:47:18.227+05:30  INFO 7192 --- [backend] [           main] o.h.c.internal.RegionFactoryInitiator    : HHH000026: Second-level cache disabled
2025-12-29T16:47:18.444+05:30  INFO 7192 --- [backend] [           main] o.s.o.j.p.SpringPersistenceUnitInfo      : No LoadTimeWeaver setup: ignoring JPA class transformer
2025-12-29T16:47:18.474+05:30  INFO 7192 --- [backend] [           main] com.zaxxer.hikari.HikariDataSource       : HikariPool-1 - Starting...
2025-12-29T16:47:18.834+05:30  INFO 7192 --- [backend] [           main] com.zaxxer.hikari.pool.HikariPool        : HikariPool-1 - Added connection com.mysql.cj.jdbc.ConnectionImpl@6f8ac8d5
2025-12-29T16:47:18.835+05:30  INFO 7192 --- [backend] [           main] com.zaxxer.hikari.HikariDataSource       : HikariPool-1 - Start completed.
2025-12-29T16:47:18.893+05:30  WARN 7192 --- [backend] [           main] org.hibernate.orm.deprecation            : HHH90000025: MySQLDialect does not need to be specified explicitly using 'hibernate.dialect' (remove the property setting and it will be selected by default)
2025-12-29T16:47:20.429+05:30  INFO 7192 --- [backend] [           main] o.h.e.t.j.p.i.JtaPlatformInitiator       : HHH000489: No JTA platform available (set 'hibernate.transaction.jta.platform' to enable JTA platform integration)
2025-12-29T16:47:20.792+05:30  INFO 7192 --- [backend] [           main] j.LocalContainerEntityManagerFactoryBean : Initialized JPA EntityManagerFactory for persistence unit 'default'
Hibernate: 
    select
        ap1_0.id,
        ap1_0.confidence_threshold,
        ap1_0.early_exit_grace_minutes,
        ap1_0.early_exit_handling,
        ap1_0.effective_from,
        ap1_0.is_active,
        ap1_0.late_entry_grace_minutes,
        ap1_0.late_entry_handling,
        ap1_0.manual_override_enabled,
        ap1_0.min_presence_percentage,
        ap1_0.od_override_enabled,
        ap1_0.slot_duration_minutes 
    from
        attendance_policy ap1_0 
    where
        ap1_0.is_active
2025-12-29T16:47:22.033+05:30  WARN 7192 --- [backend] [           main] JpaBaseConfiguration$JpaWebConfiguration : spring.jpa.open-in-view is enabled by default. Therefore, database queries may be performed during view rendering. Explicitly configure spring.jpa.open-in-view to disable this warning
2025-12-29T16:47:22.343+05:30  INFO 7192 --- [backend] [           main] o.s.s.web.DefaultSecurityFilterChain     : Will secure any request with [org.springframework.security.web.session.DisableEncodeUrlFilter@20425fab, org.springframework.security.web.context.request.async.WebAsyncManagerIntegrationFilter@71c2cb26, org.springframework.security.web.context.SecurityContextHolderFilter@10b36d8a, org.springframework.security.web.header.HeaderWriterFilter@3a3375d8, org.springframework.web.filter.CorsFilter@593db293, org.springframework.security.web.authentication.logout.LogoutFilter@2561d61, com.smartclassroom.backend.security.jwt.JwtAuthenticationFilter@2ddb6c71, org.springframework.security.web.savedrequest.RequestCacheAwareFilter@900ffc4, org.springframework.security.web.servletapi.SecurityContextHolderAwareRequestFilter@39d44217, org.springframework.security.web.authentication.AnonymousAuthenticationFilter@5220e6ff, org.springframework.security.web.access.ExceptionTranslationFilter@5fa0943d, org.springframework.security.web.access.intercept.AuthorizationFilter@2e5ff1d4]
2025-12-29T16:47:22.675+05:30  WARN 7192 --- [backend] [           main] ConfigServletWebServerApplicationContext : Exception encountered during context initialization - cancelling refresh attempt: org.springframework.context.ApplicationContextException: Failed to start bean 'webServerStartStop'
2025-12-29T16:47:22.680+05:30  INFO 7192 --- [backend] [           main] j.LocalContainerEntityManagerFactoryBean : Closing JPA EntityManagerFactory for persistence unit 'default'
2025-12-29T16:47:22.682+05:30  INFO 7192 --- [backend] [           main] com.zaxxer.hikari.HikariDataSource       : HikariPool-1 - Shutdown initiated...
2025-12-29T16:47:22.693+05:30  INFO 7192 --- [backend] [           main] com.zaxxer.hikari.HikariDataSource       : HikariPool-1 - Shutdown completed.
2025-12-29T16:47:22.709+05:30  INFO 7192 --- [backend] [           main] .s.b.a.l.ConditionEvaluationReportLogger : 

Error starting ApplicationContext. To display the condition evaluation report re-run your application with 'debug' enabled.
2025-12-29T16:47:22.734+05:30 ERROR 7192 --- [backend] [           main] o.s.b.d.LoggingFailureAnalysisReporter   : 

***************************
APPLICATION FAILED TO START
***************************

Description:

Web server failed to start. Port 8080 was already in use.

Action:

Identify and stop the process that's listening on port 8080 or configure this application to listen on another port.

[INFO] ------------------------------------------------------------------------
[INFO] BUILD FAILURE
[INFO] ------------------------------------------------------------------------
[INFO] Total time:  10.969 s
[INFO] Finished at: 2025-12-29T16:47:22+05:30
[INFO] ------------------------------------------------------------------------
[ERROR] Failed to execute goal org.springframework.boot:spring-boot-maven-plugin:3.2.1:run (default-cli) on project backend: Process terminated with exit code: 1 -> [Help 1]
[ERROR] 
[ERROR] To see the full stack trace of the errors, re-run Maven with the -e switch.
[ERROR] Re-run Maven using the -X switch to enable full debug logging.
[ERROR] 
[ERROR] For more information about the errors and possible solutions, please read the following articles:
[ERROR] [Help 1] http://cwiki.apache.org/confluence/display/MAVEN/MojoExecutionException
